e:\svn\project\gamaudio\x64\debug\main.obj
e:\svn\project\gamaudio\x64\debug\qrc_qml.obj
e:\svn\project\gamaudio\x64\debug\audioclass.obj
e:\svn\project\gamaudio\x64\debug\moc_audioclass.obj
e:\svn\project\gamaudio\x64\debug\vc141.pdb
e:\svn\project\gamaudio\debug\moc_predefs.h
e:\svn\project\gamaudio\generatedfiles\debug\moc_audioclass.cpp
e:\svn\project\gamaudio\generatedfiles\qrc_qml.cpp
e:\svn\project\gamaudio\debug\gamaudio.exe
e:\svn\project\gamaudio\debug\gamaudio.ilk
e:\svn\project\gamaudio\debug\gamaudio.pdb
e:\svn\project\gamaudio\x64\debug\gamaudio.tlog\cl.command.1.tlog
e:\svn\project\gamaudio\x64\debug\gamaudio.tlog\cl.read.1.tlog
e:\svn\project\gamaudio\x64\debug\gamaudio.tlog\cl.write.1.tlog
e:\svn\project\gamaudio\x64\debug\gamaudio.tlog\custombuild.command.1.tlog
e:\svn\project\gamaudio\x64\debug\gamaudio.tlog\custombuild.read.1.tlog
e:\svn\project\gamaudio\x64\debug\gamaudio.tlog\custombuild.write.1.tlog
e:\svn\project\gamaudio\x64\debug\gamaudio.tlog\gamaudio.write.1u.tlog
e:\svn\project\gamaudio\x64\debug\gamaudio.tlog\link.command.1.tlog
e:\svn\project\gamaudio\x64\debug\gamaudio.tlog\link.read.1.tlog
e:\svn\project\gamaudio\x64\debug\gamaudio.tlog\link.write.1.tlog
